[2017-10-26 10:57:50] Failed: App\Jobs\ModelTrans
[2017-10-26 11:03:51] Failed: App\Jobs\ModelTrans
[2017-10-26 12:51:20] Processed: App\Jobs\ModelTrans
[2017-10-26 16:10:36] Failed: App\Jobs\ProjectTrans
[2017-10-26 16:22:39] Failed: App\Jobs\ProjectTrans
[2017-10-26 16:33:28] Failed: App\Jobs\ProjectTrans
[2017-10-26 16:39:45] Failed: App\Jobs\ProjectTrans
[2017-10-26 16:42:38] Processed: App\Jobs\ModelTrans
[2017-10-26 16:57:58] Failed: App\Jobs\ProjectTrans
[2017-10-27 10:19:08] Failed: App\Jobs\ProjectTrans
[2017-10-27 11:00:35] Failed: App\Jobs\ProjectTrans
[2017-10-27 11:11:25] Failed: App\Jobs\ProjectTrans
[2017-10-27 11:14:21] Failed: App\Jobs\ProjectTrans
[2017-10-27 11:18:50] Processed: App\Jobs\ModelTrans
[2017-10-27 15:29:50] Processed: App\Jobs\ProjectTrans
[2017-10-27 16:45:34] Processed: App\Jobs\ProjectTrans
[2017-10-27 16:45:49] Failed: App\Jobs\ProjectTrans
[2017-10-27 16:47:03] Processed: App\Jobs\ProjectTrans
[2017-10-27 16:50:17] Processed: App\Jobs\ProjectTrans
[2017-10-27 16:51:19] Processed: App\Jobs\ProjectTrans
[2017-10-27 16:53:03] Processed: App\Jobs\ProjectTrans
[2017-10-27 16:55:08] Processed: App\Jobs\ProjectTrans
[2017-10-27 16:57:43] Processed: App\Jobs\ProjectTrans
[2017-10-27 17:06:24] Processed: App\Jobs\ProjectTrans
[2017-10-27 17:07:38] Processed: App\Jobs\ProjectTrans
[2017-10-27 17:07:47] Failed: App\Jobs\ProjectTrans
[2017-10-27 17:12:10] Processed: App\Jobs\ProjectTrans
[2017-10-27 17:17:12] Processed: App\Jobs\ProjectTrans
[2017-10-27 18:47:57] Processed: App\Jobs\ProjectTrans
[2017-10-27 18:48:15] Failed: App\Jobs\ProjectTrans
[2017-10-27 18:49:14] Processed: App\Jobs\ProjectTrans
[2017-10-27 18:51:16] Processed: App\Jobs\ProjectTrans
[2017-11-03 15:54:59] Processed: mailer@handleQueuedMessage
[2017-11-03 16:52:02] Processed: mailer@handleQueuedMessage
[2017-11-03 16:52:27] Processed: mailer@handleQueuedMessage
[2017-11-03 16:52:33] Processed: mailer@handleQueuedMessage
[2017-11-03 16:52:34] Processed: mailer@handleQueuedMessage
[2017-11-03 16:52:34] Processed: mailer@handleQueuedMessage
[2017-11-03 16:52:34] Processed: mailer@handleQueuedMessage
[2017-11-03 16:52:35] Processed: mailer@handleQueuedMessage
[2017-11-03 16:52:35] Processed: mailer@handleQueuedMessage
[2017-11-03 16:53:26] Processed: mailer@handleQueuedMessage
[2017-11-03 16:56:15] Processed: mailer@handleQueuedMessage
[2017-11-03 16:56:54] Processed: mailer@handleQueuedMessage
[2017-11-03 16:57:09] Processed: mailer@handleQueuedMessage
[2017-11-03 16:57:25] Processed: mailer@handleQueuedMessage
[2017-11-03 17:39:10] Processed: App\Jobs\ProjectTrans
[2017-11-03 17:42:07] Processed: mailer@handleQueuedMessage
[2017-11-03 17:50:06] Processed: App\Jobs\ProjectTrans
[2017-11-03 17:54:32] Processed: App\Jobs\ProjectTrans
[2017-11-03 18:00:22] Processed: App\Jobs\ProjectTrans
[2017-11-03 18:01:26] Processed: App\Jobs\ProjectTrans
[2017-11-03 18:34:11] Processed: mailer@handleQueuedMessage
[2017-11-03 18:44:43] Processed: mailer@handleQueuedMessage
[2017-11-03 18:44:43] Processed: mailer@handleQueuedMessage
[2017-11-03 19:06:34] Processed: mailer@handleQueuedMessage
[2017-11-03 19:06:34] Processed: mailer@handleQueuedMessage
[2017-11-03 19:16:36] Processed: App\Jobs\ProjectTrans
[2017-11-03 19:21:38] Processed: App\Jobs\ProjectTrans
[2017-11-03 19:23:58] Processed: App\Jobs\ProjectTrans
[2017-11-04 09:13:43] Processed: mailer@handleQueuedMessage
[2017-11-04 12:50:56] Processed: mailer@handleQueuedMessage
[2017-11-04 12:56:26] Processed: App\Jobs\ProjectTrans
[2017-11-04 12:59:52] Processed: App\Jobs\ProjectTrans
[2017-11-04 13:00:13] Failed: App\Jobs\ProjectTrans
[2017-11-04 14:44:21] Processed: mailer@handleQueuedMessage
[2017-11-04 14:44:23] Processed: mailer@handleQueuedMessage
[2017-11-04 14:44:23] Processed: mailer@handleQueuedMessage
[2017-11-04 14:44:23] Processed: mailer@handleQueuedMessage
[2017-11-04 15:01:12] Processed: mailer@handleQueuedMessage
[2017-11-04 15:01:13] Processed: mailer@handleQueuedMessage
[2017-11-04 15:01:13] Processed: mailer@handleQueuedMessage
[2017-11-04 15:09:10] Processed: App\Jobs\ProjectTrans
[2017-11-04 15:11:07] Processed: App\Jobs\ProjectTrans
[2017-11-04 15:38:46] Processed: mailer@handleQueuedMessage
[2017-11-04 15:41:43] Processed: App\Jobs\ProjectTrans
[2017-11-04 15:43:19] Processed: App\Jobs\ProjectTrans
[2017-11-04 17:22:55] Processed: mailer@handleQueuedMessage
[2017-11-04 17:44:44] Processed: mailer@handleQueuedMessage
[2017-11-06 10:05:36] Processed: App\Jobs\ProjectTrans
[2017-11-06 10:06:21] Failed: App\Jobs\ProjectTrans
[2017-11-06 10:06:21] Failed: App\Jobs\ProjectTrans
[2017-11-08 11:32:42] Processed: mailer@handleQueuedMessage
[2017-11-09 18:46:25] Processed: App\Jobs\ProjectTrans
[2017-11-09 18:47:32] Processed: App\Jobs\ProjectTrans
[2017-11-09 19:48:39] Processed: App\Jobs\ProjectTrans
